<?xml version="1.0" encoding="UTF-8"?>
<coverage generated="1587758704378" clover="3.2.0">
  <project timestamp="1587758704379" name="All files">
    <metrics statements="11" coveredstatements="10" conditionals="0" coveredconditionals="0" methods="4" coveredmethods="3" elements="15" coveredelements="13" complexity="0" loc="11" ncloc="11" packages="2" files="3" classes="3"/>
    <package name="config">
      <metrics statements="3" coveredstatements="3" conditionals="0" coveredconditionals="0" methods="0" coveredmethods="0"/>
      <file name="database.js" path="C:\VSCode Workspace\nodejs\src\config\database.js">
        <metrics statements="3" coveredstatements="3" conditionals="0" coveredconditionals="0" methods="0" coveredmethods="0"/>
        <line num="1" count="1" type="stmt"/>
        <line num="3" count="1" type="stmt"/>
        <line num="39" count="1" type="stmt"/>
      </file>
    </package>
    <package name="model">
      <metrics statements="8" coveredstatements="7" conditionals="0" coveredconditionals="0" methods="4" coveredmethods="3"/>
      <file name="Car.js" path="C:\VSCode Workspace\nodejs\src\model\Car.js">
        <metrics statements="4" coveredstatements="3" conditionals="0" coveredconditionals="0" methods="2" coveredmethods="1"/>
        <line num="1" count="1" type="stmt"/>
        <line num="5" count="1" type="stmt"/>
        <line num="15" count="0" type="stmt"/>
        <line num="19" count="1" type="stmt"/>
      </file>
      <file name="User.js" path="C:\VSCode Workspace\nodejs\src\model\User.js">
        <metrics statements="4" coveredstatements="4" conditionals="0" coveredconditionals="0" methods="2" coveredmethods="2"/>
        <line num="1" count="1" type="stmt"/>
        <line num="5" count="1" type="stmt"/>
        <line num="16" count="1" type="stmt"/>
        <line num="20" count="1" type="stmt"/>
      </file>
    </package>
  </project>
</coverage>
