TN:
SF:src\routes.js
FN:7,(anonymous_0)
FN:9,(anonymous_1)
FN:13,(anonymous_2)
FN:17,(anonymous_3)
FN:21,(anonymous_4)
FN:25,(anonymous_5)
FN:29,(anonymous_6)
FN:33,(anonymous_7)
FNF:8
FNH:1
FNDA:0,(anonymous_0)
FNDA:0,(anonymous_1)
FNDA:0,(anonymous_2)
FNDA:1,(anonymous_3)
FNDA:0,(anonymous_4)
FNDA:0,(anonymous_5)
FNDA:0,(anonymous_6)
FNDA:0,(anonymous_7)
DA:1,1
DA:2,1
DA:3,1
DA:4,1
DA:5,1
DA:7,1
DA:9,1
DA:10,0
DA:13,1
DA:14,0
DA:17,1
DA:18,1
DA:21,1
DA:22,0
DA:25,1
DA:26,0
DA:29,1
DA:30,0
DA:33,1
DA:34,0
DA:37,1
LF:21
LH:15
BRF:0
BRH:0
end_of_record
TN:
SF:src\server.js
FNF:0
FNH:0
DA:1,1
DA:2,1
DA:3,1
DA:4,1
DA:6,1
DA:8,1
DA:9,1
DA:11,1
DA:13,1
LF:9
LH:9
BRF:0
BRH:0
end_of_record
TN:
SF:src\auth\auth.js
FN:3,login
FN:18,logout
FN:22,verifyJWT
FN:31,(anonymous_3)
FNF:4
FNH:0
FNDA:0,login
FNDA:0,logout
FNDA:0,verifyJWT
FNDA:0,(anonymous_3)
DA:1,1
DA:4,0
DA:6,0
DA:7,0
DA:8,0
DA:12,0
DA:15,0
DA:19,0
DA:23,0
DA:26,0
DA:27,0
DA:31,0
DA:32,0
DA:33,0
DA:36,0
DA:40,1
LF:16
LH:2
BRDA:6,0,0,0
BRDA:6,0,1,0
BRDA:6,1,0,0
BRDA:6,1,1,0
BRDA:26,2,0,0
BRDA:26,2,1,0
BRDA:32,3,0,0
BRDA:32,3,1,0
BRF:8
BRH:0
end_of_record
TN:
SF:src\config\database.js
FNF:0
FNH:0
DA:1,2
DA:3,2
DA:39,2
LF:3
LH:3
BRF:0
BRH:0
end_of_record
TN:
SF:src\controller\CarController.js
FN:5,(anonymous_0)
FN:12,(anonymous_1)
FN:28,(anonymous_2)
FNF:3
FNH:0
FNDA:0,(anonymous_0)
FNDA:0,(anonymous_1)
FNDA:0,(anonymous_2)
DA:1,1
DA:2,1
DA:4,1
DA:6,0
DA:10,0
DA:13,0
DA:14,0
DA:16,0
DA:18,0
DA:19,0
DA:22,0
DA:26,0
DA:29,0
DA:31,0
DA:33,0
DA:34,0
DA:37,0
DA:41,0
LF:18
LH:3
BRDA:18,0,0,0
BRDA:18,0,1,0
BRDA:33,1,0,0
BRDA:33,1,1,0
BRF:4
BRH:0
end_of_record
TN:
SF:src\controller\UserController.js
FN:4,(anonymous_0)
FN:11,(anonymous_1)
FNF:2
FNH:1
FNDA:1,(anonymous_0)
FNDA:0,(anonymous_1)
DA:1,1
DA:3,1
DA:5,1
DA:9,1
DA:12,0
DA:14,0
DA:16,0
LF:7
LH:4
BRF:0
BRH:0
end_of_record
TN:
SF:src\database\index.js
FN:10,(anonymous_0)
FNF:1
FNH:1
FNDA:1,(anonymous_0)
DA:1,1
DA:2,1
DA:3,1
DA:5,1
DA:6,1
DA:8,1
DA:10,1
DA:11,1
DA:12,1
DA:13,1
DA:15,0
DA:19,1
DA:21,1
DA:22,1
DA:23,1
DA:24,1
DA:26,1
LF:17
LH:16
BRF:0
BRH:0
end_of_record
TN:
SF:src\model\Car.js
FN:4,(anonymous_0)
FN:14,(anonymous_1)
FNF:2
FNH:2
FNDA:2,(anonymous_0)
FNDA:1,(anonymous_1)
DA:1,2
DA:5,2
DA:15,1
DA:19,2
LF:4
LH:4
BRF:0
BRH:0
end_of_record
TN:
SF:src\model\User.js
FN:4,(anonymous_0)
FN:15,(anonymous_1)
FNF:2
FNH:2
FNDA:2,(anonymous_0)
FNDA:2,(anonymous_1)
DA:1,2
DA:5,2
DA:16,2
DA:20,2
LF:4
LH:4
BRF:0
BRH:0
end_of_record
